# JRE version: Java(TM) SE Runtime Environment 18.9 (11.0.10+8) (build 11.0.10+8-LTS-162)
# Java VM: Java HotSpot(TM) 64-Bit Server VM 18.9 (11.0.10+8-LTS-162, mixed mode, tiered, compressed oops, g1 gc, windows-amd64)
Heap:
 garbage-first heap   total 823296K, used 214221K [0x00000000a1e00000, 0x0000000100000000)
  region size 1024K, 7 young (7168K), 7 survivors (7168K)
 Metaspace       used 65565K, capacity 67451K, committed 67660K, reserved 1107968K
  class space    used 8748K, capacity 9502K, committed 9600K, reserved 1048576K
GC Heap History (10 events):
Event: 20.870 GC heap after
{Heap after GC invocations=35 (full 0):
 garbage-first heap   total 172032K, used 138016K [0x00000000a1e00000, 0x0000000100000000)
  region size 1024K, 2 young (2048K), 2 survivors (2048K)
 Metaspace       used 65565K, capacity 67451K, committed 67660K, reserved 1107968K
  class space    used 8748K, capacity 9502K, committed 9600K, reserved 1048576K
}
Event: 20.883 GC heap before
{Heap before GC invocations=35 (full 0):
 garbage-first heap   total 172032K, used 144160K [0x00000000a1e00000, 0x0000000100000000)
  region size 1024K, 9 young (9216K), 2 survivors (2048K)
 Metaspace       used 65565K, capacity 67451K, committed 67660K, reserved 1107968K
  class space    used 8748K, capacity 9502K, committed 9600K, reserved 1048576K
}
Event: 20.888 GC heap after
{Heap after GC invocations=36 (full 0):
 garbage-first heap   total 344064K, used 140444K [0x00000000a1e00000, 0x0000000100000000)
  region size 1024K, 2 young (2048K), 2 survivors (2048K)
 Metaspace       used 65565K, capacity 67451K, committed 67660K, reserved 1107968K
  class space    used 8748K, capacity 9502K, committed 9600K, reserved 1048576K
}
Event: 21.017 GC heap before
{Heap before GC invocations=37 (full 0):
 garbage-first heap   total 344064K, used 199836K [0x00000000a1e00000, 0x0000000100000000)
  region size 1024K, 60 young (61440K), 2 survivors (2048K)
 Metaspace       used 65565K, capacity 67451K, committed 67660K, reserved 1107968K
  class space    used 8748K, capacity 9502K, committed 9600K, reserved 1048576K
}
Event: 21.114 GC heap after
{Heap after GC invocations=38 (full 0):
 garbage-first heap   total 344064K, used 159894K [0x00000000a1e00000, 0x0000000100000000)
  region size 1024K, 8 young (8192K), 8 survivors (8192K)
 Metaspace       used 65565K, capacity 67451K, committed 67660K, reserved 1107968K
  class space    used 8748K, capacity 9502K, committed 9600K, reserved 1048576K
}
Event: 21.303 GC heap before
{Heap before GC invocations=38 (full 0):
 garbage-first heap   total 344064K, used 216214K [0x00000000a1e00000, 0x0000000100000000)
  region size 1024K, 64 young (65536K), 8 survivors (8192K)
 Metaspace       used 65565K, capacity 67451K, committed 67660K, reserved 1107968K
  class space    used 8748K, capacity 9502K, committed 9600K, reserved 1048576K
}
Event: 21.319 GC heap after
{Heap after GC invocations=39 (full 0):
 garbage-first heap   total 344064K, used 179108K [0x00000000a1e00000, 0x0000000100000000)
  region size 1024K, 8 young (8192K), 8 survivors (8192K)
 Metaspace       used 65565K, capacity 67451K, committed 67660K, reserved 1107968K
  class space    used 8748K, capacity 9502K, committed 9600K, reserved 1048576K
}
Event: 21.435 GC heap before
{Heap before GC invocations=39 (full 0):
 garbage-first heap   total 344064K, used 233380K [0x00000000a1e00000, 0x0000000100000000)
  region size 1024K, 61 young (62464K), 8 survivors (8192K)
 Metaspace       used 65565K, capacity 67451K, committed 67660K, reserved 1107968K
  class space    used 8748K, capacity 9502K, committed 9600K, reserved 1048576K
}
Event: 21.450 GC heap after
{Heap after GC invocations=40 (full 0):
 garbage-first heap   total 344064K, used 197545K [0x00000000a1e00000, 0x0000000100000000)
  region size 1024K, 8 young (8192K), 8 survivors (8192K)
 Metaspace       used 65565K, capacity 67451K, committed 67660K, reserved 1107968K
  class space    used 8748K, capacity 9502K, committed 9600K, reserved 1048576K
}
Event: 21.566 GC heap before
{Heap before GC invocations=41 (full 0):
 garbage-first heap   total 344064K, used 246697K [0x00000000a1e00000, 0x0000000100000000)
  region size 1024K, 56 young (57344K), 8 survivors (8192K)
 Metaspace       used 65565K, capacity 67451K, committed 67660K, reserved 1107968K
  class space    used 8748K, capacity 9502K, committed 9600K, reserved 1048576K
}

