# JRE version: Java(TM) SE Runtime Environment 18.9 (11.0.10+8) (build 11.0.10+8-LTS-162)
# Java VM: Java HotSpot(TM) 64-Bit Server VM 18.9 (11.0.10+8-LTS-162, mixed mode, tiered, compressed oops, g1 gc, windows-amd64)
Heap:
 garbage-first heap   total 573440K, used 101187K [0x00000000a1e00000, 0x0000000100000000)
  region size 1024K, 4 young (4096K), 4 survivors (4096K)
 Metaspace       used 62241K, capacity 64160K, committed 64512K, reserved 1103872K
  class space    used 8333K, capacity 9096K, committed 9216K, reserved 1048576K
GC Heap History (10 events):
Event: 24.367 GC heap after
{Heap after GC invocations=34 (full 0):
 garbage-first heap   total 147456K, used 98478K [0x00000000a1e00000, 0x0000000100000000)
  region size 1024K, 1 young (1024K), 1 survivors (1024K)
 Metaspace       used 62241K, capacity 64160K, committed 64512K, reserved 1103872K
  class space    used 8333K, capacity 9096K, committed 9216K, reserved 1048576K
}
Event: 24.381 GC heap before
{Heap before GC invocations=34 (full 0):
 garbage-first heap   total 147456K, used 117934K [0x00000000a1e00000, 0x0000000100000000)
  region size 1024K, 20 young (20480K), 1 survivors (1024K)
 Metaspace       used 62241K, capacity 64160K, committed 64512K, reserved 1103872K
  class space    used 8333K, capacity 9096K, committed 9216K, reserved 1048576K
}
Event: 24.386 GC heap after
{Heap after GC invocations=35 (full 0):
 garbage-first heap   total 294912K, used 98735K [0x00000000a1e00000, 0x0000000100000000)
  region size 1024K, 2 young (2048K), 2 survivors (2048K)
 Metaspace       used 62241K, capacity 64160K, committed 64512K, reserved 1103872K
  class space    used 8333K, capacity 9096K, committed 9216K, reserved 1048576K
}
Event: 24.477 GC heap before
{Heap before GC invocations=36 (full 0):
 garbage-first heap   total 294912K, used 174511K [0x00000000a1e00000, 0x0000000100000000)
  region size 1024K, 76 young (77824K), 2 survivors (2048K)
 Metaspace       used 62241K, capacity 64160K, committed 64512K, reserved 1103872K
  class space    used 8333K, capacity 9096K, committed 9216K, reserved 1048576K
}
Event: 24.478 GC heap after
{Heap after GC invocations=37 (full 0):
 garbage-first heap   total 294912K, used 98882K [0x00000000a1e00000, 0x0000000100000000)
  region size 1024K, 2 young (2048K), 2 survivors (2048K)
 Metaspace       used 62241K, capacity 64160K, committed 64512K, reserved 1103872K
  class space    used 8333K, capacity 9096K, committed 9216K, reserved 1048576K
}
Event: 24.552 GC heap before
{Heap before GC invocations=37 (full 0):
 garbage-first heap   total 294912K, used 196162K [0x00000000a1e00000, 0x0000000100000000)
  region size 1024K, 97 young (99328K), 2 survivors (2048K)
 Metaspace       used 62241K, capacity 64160K, committed 64512K, reserved 1103872K
  class space    used 8333K, capacity 9096K, committed 9216K, reserved 1048576K
}
Event: 24.554 GC heap after
{Heap after GC invocations=38 (full 0):
 garbage-first heap   total 294912K, used 99755K [0x00000000a1e00000, 0x0000000100000000)
  region size 1024K, 3 young (3072K), 3 survivors (3072K)
 Metaspace       used 62241K, capacity 64160K, committed 64512K, reserved 1103872K
  class space    used 8333K, capacity 9096K, committed 9216K, reserved 1048576K
}
Event: 24.619 GC heap before
{Heap before GC invocations=38 (full 0):
 garbage-first heap   total 294912K, used 206251K [0x00000000a1e00000, 0x0000000100000000)
  region size 1024K, 107 young (109568K), 3 survivors (3072K)
 Metaspace       used 62241K, capacity 64160K, committed 64512K, reserved 1103872K
  class space    used 8333K, capacity 9096K, committed 9216K, reserved 1048576K
}
Event: 24.621 GC heap after
{Heap after GC invocations=39 (full 0):
 garbage-first heap   total 294912K, used 100289K [0x00000000a1e00000, 0x0000000100000000)
  region size 1024K, 3 young (3072K), 3 survivors (3072K)
 Metaspace       used 62241K, capacity 64160K, committed 64512K, reserved 1103872K
  class space    used 8333K, capacity 9096K, committed 9216K, reserved 1048576K
}
Event: 24.709 GC heap before
{Heap before GC invocations=39 (full 0):
 garbage-first heap   total 294912K, used 222145K [0x00000000a1e00000, 0x0000000100000000)
  region size 1024K, 122 young (124928K), 3 survivors (3072K)
 Metaspace       used 62241K, capacity 64160K, committed 64512K, reserved 1103872K
  class space    used 8333K, capacity 9096K, committed 9216K, reserved 1048576K
}

