# JRE version: Java(TM) SE Runtime Environment 18.9 (11.0.10+8) (build 11.0.10+8-LTS-162)
# Java VM: Java HotSpot(TM) 64-Bit Server VM 18.9 (11.0.10+8-LTS-162, mixed mode, tiered, compressed oops, g1 gc, windows-amd64)
Heap:
 garbage-first heap   total 823296K, used 210293K [0x00000000a1e00000, 0x0000000100000000)
  region size 1024K, 7 young (7168K), 7 survivors (7168K)
 Metaspace       used 65575K, capacity 67450K, committed 67660K, reserved 1107968K
  class space    used 8749K, capacity 9502K, committed 9600K, reserved 1048576K
GC Heap History (10 events):
Event: 21.611 GC heap after
{Heap after GC invocations=35 (full 0):
 garbage-first heap   total 172032K, used 138100K [0x00000000a1e00000, 0x0000000100000000)
  region size 1024K, 2 young (2048K), 2 survivors (2048K)
 Metaspace       used 65575K, capacity 67450K, committed 67660K, reserved 1107968K
  class space    used 8749K, capacity 9502K, committed 9600K, reserved 1048576K
}
Event: 21.631 GC heap before
{Heap before GC invocations=35 (full 0):
 garbage-first heap   total 172032K, used 144244K [0x00000000a1e00000, 0x0000000100000000)
  region size 1024K, 9 young (9216K), 2 survivors (2048K)
 Metaspace       used 65575K, capacity 67450K, committed 67660K, reserved 1107968K
  class space    used 8749K, capacity 9502K, committed 9600K, reserved 1048576K
}
Event: 21.637 GC heap after
{Heap after GC invocations=36 (full 0):
 garbage-first heap   total 344064K, used 140536K [0x00000000a1e00000, 0x0000000100000000)
  region size 1024K, 2 young (2048K), 2 survivors (2048K)
 Metaspace       used 65575K, capacity 67450K, committed 67660K, reserved 1107968K
  class space    used 8749K, capacity 9502K, committed 9600K, reserved 1048576K
}
Event: 21.837 GC heap before
{Heap before GC invocations=37 (full 0):
 garbage-first heap   total 344064K, used 195832K [0x00000000a1e00000, 0x0000000100000000)
  region size 1024K, 56 young (57344K), 2 survivors (2048K)
 Metaspace       used 65575K, capacity 67450K, committed 67660K, reserved 1107968K
  class space    used 8749K, capacity 9502K, committed 9600K, reserved 1048576K
}
Event: 21.896 GC heap after
{Heap after GC invocations=38 (full 0):
 garbage-first heap   total 344064K, used 158687K [0x00000000a1e00000, 0x0000000100000000)
  region size 1024K, 7 young (7168K), 7 survivors (7168K)
 Metaspace       used 65575K, capacity 67450K, committed 67660K, reserved 1107968K
  class space    used 8749K, capacity 9502K, committed 9600K, reserved 1048576K
}
Event: 22.039 GC heap before
{Heap before GC invocations=38 (full 0):
 garbage-first heap   total 344064K, used 211935K [0x00000000a1e00000, 0x0000000100000000)
  region size 1024K, 59 young (60416K), 7 survivors (7168K)
 Metaspace       used 65575K, capacity 67450K, committed 67660K, reserved 1107968K
  class space    used 8749K, capacity 9502K, committed 9600K, reserved 1048576K
}
Event: 22.065 GC heap after
{Heap after GC invocations=39 (full 0):
 garbage-first heap   total 344064K, used 176398K [0x00000000a1e00000, 0x0000000100000000)
  region size 1024K, 8 young (8192K), 8 survivors (8192K)
 Metaspace       used 65575K, capacity 67450K, committed 67660K, reserved 1107968K
  class space    used 8749K, capacity 9502K, committed 9600K, reserved 1048576K
}
Event: 22.156 GC heap before
{Heap before GC invocations=39 (full 0):
 garbage-first heap   total 344064K, used 227598K [0x00000000a1e00000, 0x0000000100000000)
  region size 1024K, 58 young (59392K), 8 survivors (8192K)
 Metaspace       used 65575K, capacity 67450K, committed 67660K, reserved 1107968K
  class space    used 8749K, capacity 9502K, committed 9600K, reserved 1048576K
}
Event: 22.169 GC heap after
{Heap after GC invocations=40 (full 0):
 garbage-first heap   total 344064K, used 193846K [0x00000000a1e00000, 0x0000000100000000)
  region size 1024K, 8 young (8192K), 8 survivors (8192K)
 Metaspace       used 65575K, capacity 67450K, committed 67660K, reserved 1107968K
  class space    used 8749K, capacity 9502K, committed 9600K, reserved 1048576K
}
Event: 22.300 GC heap before
{Heap before GC invocations=41 (full 0):
 garbage-first heap   total 344064K, used 241974K [0x00000000a1e00000, 0x0000000100000000)
  region size 1024K, 55 young (56320K), 8 survivors (8192K)
 Metaspace       used 65575K, capacity 67450K, committed 67660K, reserved 1107968K
  class space    used 8749K, capacity 9502K, committed 9600K, reserved 1048576K
}

